<?xml version="1.0" encoding="UTF-8"?>
<!-- Generated by org.testng.reporters.JUnitReportReporter -->
<testsuite hostname="PVSJhri18" failures="0" tests="2" name="testng.TestNG_5_TimeOut" time="11.594" errors="0" timestamp="2023-02-09T16:56:43 IST" skipped="0">
  <testcase classname="testng.TestNG_5_TimeOut" name="withtimeout" time="6.764"/>
  <system-out/>
  <testcase classname="testng.TestNG_5_TimeOut" name="withouttimeout" time="4.830"/>
  <system-out/>
</testsuite> <!-- testng.TestNG_5_TimeOut -->
