<?xml version="1.0" encoding="UTF-8"?>
<!-- Generated by org.testng.reporters.JUnitReportReporter -->
<testsuite hostname="PVSJhri18" failures="0" tests="1" name="log4jtutorial.Log4jdemo" time="4.357" errors="0" timestamp="2023-02-14T14:46:15 IST" skipped="0">
  <testcase classname="log4jtutorial.Log4jdemo" name="log4J" time="4.357"/>
  <system-out/>
</testsuite> <!-- log4jtutorial.Log4jdemo -->
