<?xml version="1.0" encoding="UTF-8"?>
<!-- Generated by org.testng.reporters.JUnitReportReporter -->
<testsuite hostname="PVSJhri18" failures="0" tests="5" name="testng.TestNG_1_AlphabaticalOrder" time="19.136" errors="0" timestamp="2023-02-14T14:15:03 IST" skipped="0">
  <testcase classname="testng.TestNG_1_AlphabaticalOrder" name="google" time="1.198"/>
  <system-out/>
  <testcase classname="testng.TestNG_1_AlphabaticalOrder" name="selenium" time="2.848"/>
  <system-out/>
  <testcase classname="testng.TestNG_1_AlphabaticalOrder" name="facebook" time="1.488"/>
  <system-out/>
  <testcase classname="testng.TestNG_1_AlphabaticalOrder" name="gmail" time="4.735"/>
  <system-out/>
  <testcase classname="testng.TestNG_1_AlphabaticalOrder" name="twitter" time="8.867"/>
  <system-out/>
</testsuite> <!-- testng.TestNG_1_AlphabaticalOrder -->
