<?xml version="1.0" encoding="UTF-8"?>
<!-- Generated by org.testng.reporters.JUnitReportReporter -->
<testsuite hostname="PVSJhri18" failures="0" tests="5" name="testng.TestNG_3_SkipDisabledIgnore" time="4.874" errors="0" timestamp="2023-02-09T16:00:35 IST" skipped="3">
  <testcase classname="testng.TestNG_3_SkipDisabledIgnore" name="google" time="2.653"/>
  <system-out/>
  <testcase classname="testng.TestNG_3_SkipDisabledIgnore" name="selenium" time="2.221"/>
  <system-out/>
  <testcase classname="testng.TestNG_3_SkipDisabledIgnore" name="facebook">
    <skipped/>
  </testcase> <!-- facebook -->
  <system-out/>
  <testcase classname="testng.TestNG_3_SkipDisabledIgnore" name="twitter">
    <skipped/>
  </testcase> <!-- twitter -->
  <system-out/>
  <testcase classname="testng.TestNG_3_SkipDisabledIgnore" name="gmail">
    <skipped/>
  </testcase> <!-- gmail -->
  <system-out/>
</testsuite> <!-- testng.TestNG_3_SkipDisabledIgnore -->
